0 info it worked if it ends with ok
1 verbose cli [ 'E:\\node\\node.exe',
1 verbose cli   'E:\\node\\node_modules\\npm\\bin\\npm-cli.js',
1 verbose cli   'publish',
1 verbose cli   'package' ]
2 info using npm@2.15.8
3 info using node@v4.4.7
4 verbose publish [ 'package' ]
5 silly cache add args [ 'package', null ]
6 verbose cache add spec package
7 silly cache add parsed spec Result {
7 silly cache add   raw: 'package',
7 silly cache add   scope: null,
7 silly cache add   name: 'package',
7 silly cache add   rawSpec: '',
7 silly cache add   spec: 'latest',
7 silly cache add   type: 'tag' }
8 silly addNamed package@latest
9 verbose addNamed "latest" is being treated as a dist-tag for package
10 info addNameTag [ 'package', 'latest' ]
11 silly mapToRegistry name package
12 silly mapToRegistry using default registry
13 silly mapToRegistry registry https://registry.npmjs.org/
14 silly mapToRegistry data Result {
14 silly mapToRegistry   raw: 'package',
14 silly mapToRegistry   scope: null,
14 silly mapToRegistry   name: 'package',
14 silly mapToRegistry   rawSpec: '',
14 silly mapToRegistry   spec: 'latest',
14 silly mapToRegistry   type: 'tag' }
15 silly mapToRegistry uri https://registry.npmjs.org/package
16 verbose addNameTag registry:https://registry.npmjs.org/package not in flight; fetching
17 verbose request uri https://registry.npmjs.org/package
18 verbose request no auth needed
19 info attempt registry request try #1 at 16:06:00
20 verbose request using bearer token for auth
21 verbose request id deb2b01e638f421f
22 http request GET https://registry.npmjs.org/package
23 http 200 https://registry.npmjs.org/package
24 verbose headers { server: 'CouchDB/1.6.1 (Erlang OTP/R16B03)',
24 verbose headers   etag: '"48BIPLXSINALZR5Q1FA79ASCM"',
24 verbose headers   'content-type': 'application/json',
24 verbose headers   'content-encoding': 'gzip',
24 verbose headers   'cache-control': 'max-age=300',
24 verbose headers   'transfer-encoding': 'chunked',
24 verbose headers   'accept-ranges': 'bytes',
24 verbose headers   date: 'Wed, 20 Jul 2016 08:06:04 GMT',
24 verbose headers   via: '1.1 varnish',
24 verbose headers   connection: 'keep-alive',
24 verbose headers   'x-served-by': 'cache-itm7423-ITM',
24 verbose headers   'x-cache': 'MISS',
24 verbose headers   'x-cache-hits': '0',
24 verbose headers   'x-timer': 'S1469001963.562342,VS0,VE710',
24 verbose headers   vary: 'Accept-Encoding' }
25 silly get cb [ 200,
25 silly get   { server: 'CouchDB/1.6.1 (Erlang OTP/R16B03)',
25 silly get     etag: '"48BIPLXSINALZR5Q1FA79ASCM"',
25 silly get     'content-type': 'application/json',
25 silly get     'content-encoding': 'gzip',
25 silly get     'cache-control': 'max-age=300',
25 silly get     'transfer-encoding': 'chunked',
25 silly get     'accept-ranges': 'bytes',
25 silly get     date: 'Wed, 20 Jul 2016 08:06:04 GMT',
25 silly get     via: '1.1 varnish',
25 silly get     connection: 'keep-alive',
25 silly get     'x-served-by': 'cache-itm7423-ITM',
25 silly get     'x-cache': 'MISS',
25 silly get     'x-cache-hits': '0',
25 silly get     'x-timer': 'S1469001963.562342,VS0,VE710',
25 silly get     vary: 'Accept-Encoding' } ]
26 verbose get saving package to C:\Users\Administrator\AppData\Roaming\npm-cache\registry.npmjs.org\package\.cache.json
27 verbose correctMkdir C:\Users\Administrator\AppData\Roaming\npm-cache correctMkdir not in flight; initializing
28 silly addNameTag next cb for package with tag latest
29 silly addNamed package@1.0.1
30 verbose addNamed "1.0.1" is a plain semver version for package
31 silly mapToRegistry name package
32 silly mapToRegistry using default registry
33 silly mapToRegistry registry https://registry.npmjs.org/
34 silly mapToRegistry data Result {
34 silly mapToRegistry   raw: 'package',
34 silly mapToRegistry   scope: null,
34 silly mapToRegistry   name: 'package',
34 silly mapToRegistry   rawSpec: '',
34 silly mapToRegistry   spec: 'latest',
34 silly mapToRegistry   type: 'tag' }
35 silly mapToRegistry uri https://registry.npmjs.org/package
36 verbose addRemoteTarball https://registry.npmjs.org/package/-/package-1.0.1.tgz not in flight; adding
37 verbose addRemoteTarball [ 'https://registry.npmjs.org/package/-/package-1.0.1.tgz',
37 verbose addRemoteTarball   'd25a1f99e2506dcb27d6704b83dca8a312e4edcc' ]
38 info retry fetch attempt 1 at 16:06:02
39 info attempt registry request try #1 at 16:06:02
40 http fetch GET https://registry.npmjs.org/package/-/package-1.0.1.tgz
41 verbose request using bearer token for auth
42 http fetch 200 https://registry.npmjs.org/package/-/package-1.0.1.tgz
43 silly fetchAndShaCheck shasum d25a1f99e2506dcb27d6704b83dca8a312e4edcc
44 verbose addTmpTarball C:\Users\ADMINI~1\AppData\Local\Temp\npm-7068-6eecf1b8\registry.npmjs.org\package\-\package-1.0.1.tgz not in flight; adding
45 verbose addTmpTarball already have metadata; skipping unpack for package@1.0.1
46 verbose correctMkdir C:\Users\Administrator\AppData\Roaming\npm-cache correctMkdir not in flight; initializing
47 silly cache afterAdd package@1.0.1
48 verbose afterAdd C:\Users\Administrator\AppData\Roaming\npm-cache\package\1.0.1\package\package.json not in flight; writing
49 verbose correctMkdir C:\Users\Administrator\AppData\Roaming\npm-cache correctMkdir not in flight; initializing
50 verbose afterAdd C:\Users\Administrator\AppData\Roaming\npm-cache\package\1.0.1\package\package.json written
51 silly publish { name: 'package',
51 silly publish   version: '1.0.1',
51 silly publish   description: 'Easy package.json exports.',
51 silly publish   keywords: [ 'package.json' ],
51 silly publish   author: { name: 'Veselin Todorov', email: 'hi@vesln.com' },
51 silly publish   devDependencies: { mocha: '0.3.3', should: '0.3.2' },
51 silly publish   repository: { type: 'git', url: 'git://github.com/vesln/package.git' },
51 silly publish   homepage: 'http://github.com/vesln/package',
51 silly publish   scripts: { test: 'make test' },
51 silly publish   main: './lib/package',
51 silly publish   engines: { node: '>= 0.6.0' },
51 silly publish   _npmUser: { name: 'vesln', email: 'hi@vesln.com' },
51 silly publish   _id: 'package@1.0.1',
51 silly publish   dependencies: {},
51 silly publish   optionalDependencies: {},
51 silly publish   _engineSupported: true,
51 silly publish   _npmVersion: '1.1.4',
51 silly publish   _nodeVersion: 'v0.6.12',
51 silly publish   _defaultsLoaded: true,
51 silly publish   dist:
51 silly publish    { shasum: 'd25a1f99e2506dcb27d6704b83dca8a312e4edcc',
51 silly publish      tarball: 'https://registry.npmjs.org/package/-/package-1.0.1.tgz' },
51 silly publish   maintainers: [ { name: 'vesln', email: 'hi@vesln.com' } ],
51 silly publish   directories: {},
51 silly publish   _shasum: 'd25a1f99e2506dcb27d6704b83dca8a312e4edcc',
51 silly publish   _resolved: 'https://registry.npmjs.org/package/-/package-1.0.1.tgz',
51 silly publish   _from: 'package@latest' }
52 info prepublish package@1.0.1
53 verbose getPublishConfig undefined
54 silly mapToRegistry name package
55 silly mapToRegistry using default registry
56 silly mapToRegistry registry https://registry.npmjs.org/
57 silly mapToRegistry data Result {
57 silly mapToRegistry   raw: 'package',
57 silly mapToRegistry   scope: null,
57 silly mapToRegistry   name: 'package',
57 silly mapToRegistry   rawSpec: '',
57 silly mapToRegistry   spec: 'latest',
57 silly mapToRegistry   type: 'tag' }
58 silly mapToRegistry uri https://registry.npmjs.org/package
59 verbose publish registryBase https://registry.npmjs.org/
60 silly publish uploading C:\Users\Administrator\AppData\Roaming\npm-cache\package\1.0.1\package.tgz
61 verbose request uri https://registry.npmjs.org/package
62 verbose request sending authorization for write operation
63 info attempt registry request try #1 at 16:06:02
64 verbose request using bearer token for auth
65 http request PUT https://registry.npmjs.org/package
66 http 403 https://registry.npmjs.org/package
67 verbose headers { 'content-type': 'application/json',
67 verbose headers   'cache-control': 'max-age=300',
67 verbose headers   'content-length': '101',
67 verbose headers   'accept-ranges': 'bytes',
67 verbose headers   date: 'Wed, 20 Jul 2016 08:06:05 GMT',
67 verbose headers   via: '1.1 varnish',
67 verbose headers   connection: 'keep-alive',
67 verbose headers   'x-served-by': 'cache-itm7423-ITM',
67 verbose headers   'x-cache': 'MISS',
67 verbose headers   'x-cache-hits': '0',
67 verbose headers   'x-timer': 'S1469001965.301991,VS0,VE557',
67 verbose headers   vary: 'Accept-Encoding' }
68 verbose request invalidating C:\Users\Administrator\AppData\Roaming\npm-cache\registry.npmjs.org\package on PUT
69 error publish Failed PUT 403
70 verbose stack Error: you do not have permission to publish "package". Are you logged in as the correct user? : package
70 verbose stack     at makeError (E:\node\node_modules\npm\node_modules\npm-registry-client\lib\request.js:264:12)
70 verbose stack     at CachingRegistryClient.<anonymous> (E:\node\node_modules\npm\node_modules\npm-registry-client\lib\request.js:252:14)
70 verbose stack     at Request._callback (E:\node\node_modules\npm\node_modules\npm-registry-client\lib\request.js:172:14)
70 verbose stack     at Request.self.callback (E:\node\node_modules\npm\node_modules\request\request.js:200:22)
70 verbose stack     at emitTwo (events.js:87:13)
70 verbose stack     at Request.emit (events.js:172:7)
70 verbose stack     at Request.<anonymous> (E:\node\node_modules\npm\node_modules\request\request.js:1067:10)
70 verbose stack     at emitOne (events.js:82:20)
70 verbose stack     at Request.emit (events.js:169:7)
70 verbose stack     at IncomingMessage.<anonymous> (E:\node\node_modules\npm\node_modules\request\request.js:988:12)
71 verbose statusCode 403
72 verbose pkgid package
73 verbose cwd e:\node\package
74 error Windows_NT 6.1.7601
75 error argv "E:\\node\\node.exe" "E:\\node\\node_modules\\npm\\bin\\npm-cli.js" "publish" "package"
76 error node v4.4.7
77 error npm  v2.15.8
78 error code E403
79 error you do not have permission to publish "package". Are you logged in as the correct user? : package
80 error If you need help, you may report this error at:
80 error     <https://github.com/npm/npm/issues>
81 verbose exit [ 1, true ]
